0 verbose cli /usr/bin/node /bin/npm
1 info using npm@8.19.4
2 info using node@v16.20.2
3 timing npm:load:whichnode Completed in 0ms
4 timing config:load:defaults Completed in 3ms
5 timing config:load:file:/usr/lib/node_modules/npm/npmrc Completed in 1ms
6 timing config:load:builtin Completed in 1ms
7 timing config:load:cli Completed in 2ms
8 timing config:load:env Completed in 0ms
9 timing config:load:file:/root/node_deployment/.npmrc Completed in 0ms
10 timing config:load:project Completed in 13ms
11 timing config:load:file:/root/.npmrc Completed in 0ms
12 timing config:load:user Completed in 1ms
13 timing config:load:file:/usr/etc/npmrc Completed in 0ms
14 timing config:load:global Completed in 0ms
15 timing config:load:validate Completed in 0ms
16 timing config:load:credentials Completed in 1ms
17 timing config:load:setEnvs Completed in 0ms
18 timing config:load Completed in 22ms
19 timing npm:load:configload Completed in 24ms
20 timing npm:load:mkdirpcache Completed in 1ms
21 timing npm:load:mkdirplogs Completed in 0ms
22 verbose title npm start
23 verbose argv "start"
24 timing npm:load:setTitle Completed in 1ms
25 timing config:load:flatten Completed in 3ms
26 timing npm:load:display Completed in 6ms
27 verbose logfile logs-max:10 dir:/root/.npm/_logs
28 verbose logfile /root/.npm/_logs/2024-04-17T11_46_34_771Z-debug-0.log
29 timing npm:load:logFile Completed in 6ms
30 timing npm:load:timers Completed in 0ms
31 timing npm:load:configScope Completed in 0ms
32 timing npm:load Completed in 38ms
33 silly logfile done cleaning log files
34 timing command:run-script Completed in 7ms
35 timing command:start Completed in 10ms
36 verbose stack Error: Missing script: "start"
36 verbose stack
36 verbose stack Did you mean one of these?
36 verbose stack     npm star # Mark your favorite packages
36 verbose stack     npm stars # View packages marked as favorites
36 verbose stack
36 verbose stack To see a list of scripts, run:
36 verbose stack   npm run
36 verbose stack     at RunScript.run (/usr/lib/node_modules/npm/lib/commands/run-script.js:98:13)
36 verbose stack     at async module.exports (/usr/lib/node_modules/npm/lib/cli.js:78:5)
37 verbose cwd /root/node_deployment
38 verbose Linux 5.10.213-201.855.amzn2.x86_64
39 verbose node v16.20.2
40 verbose npm  v8.19.4
41 error Missing script: "start"
41 error
41 error Did you mean one of these?
41 error     npm star # Mark your favorite packages
41 error     npm stars # View packages marked as favorites
41 error
41 error To see a list of scripts, run:
41 error   npm run
42 verbose exit 1
43 timing npm Completed in 62ms
44 verbose code 1
45 error A complete log of this run can be found in:
45 error     /root/.npm/_logs/2024-04-17T11_46_34_771Z-debug-0.log
